<?xml version="1.0" encoding="utf-8"?><testsuites name="pytest tests"><testsuite name="pytest" errors="0" failures="4" skipped="0" tests="8" time="10.051" timestamp="2026-04-14T06:21:54.296789+00:00" hostname="agent-env-6d667b06-63fe-476d-bb8f-4763fcd4406f"><testcase classname="backend.tests.test_new_endpoints.TestNewEndpoints" name="test_generate_questions_success" time="2.478"><failure message="AssertionError: Expected 200, got 500: {&quot;detail&quot;:&quot;503 UNAVAILABLE. {'error': {'code': 503, 'message': 'This model is currently experiencing high demand. Spikes in demand are usually temporary. Please try again later.', 'status': 'UNAVAILAB&#10;assert 500 == 200&#10; +  where 500 = &lt;Response [500]&gt;.status_code">backend/tests/test_new_endpoints.py:21: in test_generate_questions_success
    assert response.status_code == 200, f"Expected 200, got {response.status_code}: {response.text[:200]}"
E   AssertionError: Expected 200, got 500: {"detail":"503 UNAVAILABLE. {'error': {'code': 503, 'message': 'This model is currently experiencing high demand. Spikes in demand are usually temporary. Please try again later.', 'status': 'UNAVAILAB
E   assert 500 == 200
E    +  where 500 = &lt;Response [500]&gt;.status_code</failure></testcase><testcase classname="backend.tests.test_new_endpoints.TestNewEndpoints" name="test_generate_questions_missing_topic" time="0.149" /><testcase classname="backend.tests.test_new_endpoints.TestNewEndpoints" name="test_followup_question" time="2.093" /><testcase classname="backend.tests.test_new_endpoints.TestNewEndpoints" name="test_devils_advocate" time="1.337"><failure message="AssertionError: Expected 200, got 500: {&quot;detail&quot;:&quot;503 UNAVAILABLE. {'error': {'code': 503, 'message': 'This model is currently experiencing high demand. Spikes in demand are usually temporary. Please try again later.', 'status': 'UNAVAILAB&#10;assert 500 == 200&#10; +  where 500 = &lt;Response [500]&gt;.status_code">backend/tests/test_new_endpoints.py:55: in test_devils_advocate
    assert response.status_code == 200, f"Expected 200, got {response.status_code}: {response.text[:200]}"
E   AssertionError: Expected 200, got 500: {"detail":"503 UNAVAILABLE. {'error': {'code': 503, 'message': 'This model is currently experiencing high demand. Spikes in demand are usually temporary. Please try again later.', 'status': 'UNAVAILAB
E   assert 500 == 200
E    +  where 500 = &lt;Response [500]&gt;.status_code</failure></testcase><testcase classname="backend.tests.test_new_endpoints.TestNewEndpoints" name="test_emotional_arc" time="2.273"><failure message="AssertionError: Expected 200, got 500: {&quot;detail&quot;:&quot;503 UNAVAILABLE. {'error': {'code': 503, 'message': 'This model is currently experiencing high demand. Spikes in demand are usually temporary. Please try again later.', 'status': 'UNAVAILAB&#10;assert 500 == 200&#10; +  where 500 = &lt;Response [500]&gt;.status_code">backend/tests/test_new_endpoints.py:68: in test_emotional_arc
    assert response.status_code == 200, f"Expected 200, got {response.status_code}: {response.text[:200]}"
E   AssertionError: Expected 200, got 500: {"detail":"503 UNAVAILABLE. {'error': {'code': 503, 'message': 'This model is currently experiencing high demand. Spikes in demand are usually temporary. Please try again later.', 'status': 'UNAVAILAB
E   assert 500 == 200
E    +  where 500 = &lt;Response [500]&gt;.status_code</failure></testcase><testcase classname="backend.tests.test_new_endpoints.TestNewEndpoints" name="test_controversy_preview" time="1.044"><failure message="AssertionError: Expected 200, got 500: {&quot;detail&quot;:&quot;503 UNAVAILABLE. {'error': {'code': 503, 'message': 'This model is currently experiencing high demand. Spikes in demand are usually temporary. Please try again later.', 'status': 'UNAVAILAB&#10;assert 500 == 200&#10; +  where 500 = &lt;Response [500]&gt;.status_code">backend/tests/test_new_endpoints.py:86: in test_controversy_preview
    assert response.status_code == 200, f"Expected 200, got {response.status_code}: {response.text[:200]}"
E   AssertionError: Expected 200, got 500: {"detail":"503 UNAVAILABLE. {'error': {'code': 503, 'message': 'This model is currently experiencing high demand. Spikes in demand are usually temporary. Please try again later.', 'status': 'UNAVAILAB
E   assert 500 == 200
E    +  where 500 = &lt;Response [500]&gt;.status_code</failure></testcase><testcase classname="backend.tests.test_new_endpoints.TestNewEndpoints" name="test_episode_history_returns_array" time="0.173" /><testcase classname="backend.tests.test_new_endpoints.TestNewEndpoints" name="test_generate_audio_basic" time="0.403" /></testsuite></testsuites>