<?xml version="1.0" encoding="utf-8"?><testsuites name="pytest tests"><testsuite name="pytest" errors="0" failures="0" skipped="0" tests="3" time="0.606" timestamp="2026-04-02T18:08:19.741201+00:00" hostname="agent-env-6d667b06-63fe-476d-bb8f-4763fcd4406f"><testcase classname="backend.tests.test_podcast_api.TestHealthCheck" name="test_api_root" time="0.234" /><testcase classname="backend.tests.test_podcast_api.TestLiveKitToken" name="test_livekit_token_returns_expected_keys" time="0.127" /><testcase classname="backend.tests.test_podcast_api.TestLiveKitToken" name="test_livekit_token_default_participant" time="0.168" /></testsuite></testsuites>