<?xml version="1.0" encoding="utf-8"?><testsuites name="pytest tests"><testsuite name="pytest" errors="0" failures="0" skipped="0" tests="7" time="11.564" timestamp="2026-04-03T09:29:17.695596+00:00" hostname="agent-env-6d667b06-63fe-476d-bb8f-4763fcd4406f"><testcase classname="backend.tests.test_podcast_api.TestHealthAndEpisodes" name="test_api_root" time="0.213" /><testcase classname="backend.tests.test_podcast_api.TestHealthAndEpisodes" name="test_get_episodes_returns_array" time="0.168" /><testcase classname="backend.tests.test_podcast_api.TestHealthAndEpisodes" name="test_get_episodes_limit" time="0.183" /><testcase classname="backend.tests.test_podcast_api.TestHealthAndEpisodes" name="test_episodes_structure_if_present" time="0.182" /><testcase classname="backend.tests.test_podcast_api.TestRegenerateSection" name="test_regenerate_hook" time="4.239" /><testcase classname="backend.tests.test_podcast_api.TestRegenerateSection" name="test_regenerate_cta" time="6.309" /><testcase classname="backend.tests.test_podcast_api.TestRegenerateSection" name="test_regenerate_invalid_missing_section" time="0.199" /></testsuite></testsuites>